
📊 ═══════════════════════════════════════════════════
📊 AI R&D COUNCIL — Daily Autonomous Reports
📊 Tuesday, March 24, 2026
📊 ═══════════════════════════════════════════════════


📡 Generating Scout Reeves AI Intelligence Report...
  💾 Saved: council/reports/2026-03-24-ai-intel.md
  📧 Sent to Bryan Antonelli (forgedbyfreedom@proton.me)
  📧 Sent to Wendy Antonelli (wantonelli2@comcast.net)
  🔔 ntfy push sent
  ✅ scout report complete


💎 Generating Rena Okoro Cost Optimization Report...
  💾 Saved: council/reports/2026-03-24-cost-optimization.md
  📧 Sent to Bryan Antonelli (forgedbyfreedom@proton.me)
  📧 Sent to Wendy Antonelli (wantonelli2@comcast.net)
  🔔 ntfy push sent
  ✅ cost report complete


👻 Generating Ghost Raw Materials Sourcing Report...
  💾 Saved: council/reports/2026-03-24-ghost-sourcing.md
  📧 Sent to Bryan Antonelli (forgedbyfreedom@proton.me)
  📧 Sent to Wendy Antonelli (wantonelli2@comcast.net)
  📧 Sent to Jon Hobgood (jonhobgood@gmail.com)
  🔔 ntfy push sent
  ✅ ghost report complete


⚗️  Generating Dominic Voss Brew Sheet...
  💾 Saved: council/reports/2026-03-24-brew-sheet.md
  📧 Sent to Bryan Antonelli (forgedbyfreedom@proton.me)
  📧 Sent to Jon Hobgood (jonhobgood@gmail.com)
  🔔 ntfy push sent
  ✅ brewer report complete


📊 ═══════════════════════════════════════════════════
📊 Reports complete: 4 generated
📊 ═══════════════════════════════════════════════════


📊 ═══════════════════════════════════════════════════
📊 AI R&D COUNCIL — Daily Autonomous Reports
📊 Wednesday, March 25, 2026
📊 ═══════════════════════════════════════════════════

  ℹ️  HPC runs Fridays only (use --report hpc to force)


📡 Generating Scout Reeves AI Intelligence Report...
  💾 Saved: council/reports/2026-03-25-ai-intel.md
  📧 Sent to Bryan Antonelli (forgedbyfreedom@proton.me)
  📧 Sent to Wendy Antonelli (wantonelli2@comcast.net)
  🔔 ntfy push sent
  ✅ scout report complete


💎 Generating Rena Okoro Cost Optimization Report...
  💾 Saved: council/reports/2026-03-25-cost-optimization.md
  📧 Sent to Bryan Antonelli (forgedbyfreedom@proton.me)
  📧 Sent to Wendy Antonelli (wantonelli2@comcast.net)
  🔔 ntfy push sent
  ✅ cost report complete


👻 Generating Ghost Raw Materials Sourcing Report...
  💾 Saved: council/reports/2026-03-25-ghost-sourcing.md
  📧 Sent to Bryan Antonelli (forgedbyfreedom@proton.me)
  📧 Sent to Wendy Antonelli (wantonelli2@comcast.net)
  📧 Sent to Jon Hobgood (jonhobgood@gmail.com)
  🔔 ntfy push sent
  ✅ ghost report complete


⚗️  Generating Dominic Voss Brew Sheet...
  💾 Saved: council/reports/2026-03-25-brew-sheet.md
  📧 Sent to Bryan Antonelli (forgedbyfreedom@proton.me)
  📧 Sent to Jon Hobgood (jonhobgood@gmail.com)
  🔔 ntfy push sent
  ✅ brewer report complete


📊 ═══════════════════════════════════════════════════
📊 Reports complete: 4 generated
📊 ═══════════════════════════════════════════════════

